<?xml version="1.0" encoding="UTF-8"?>
<testsuite xmlns:xsi="http://www.w3.org/2001/XMLSchema-instance" xsi:noNamespaceSchemaLocation="https://maven.apache.org/surefire/maven-surefire-plugin/xsd/surefire-test-report-3.0.xsd" version="3.0" name="com.nexsoft.exam3.test.RumusKelilingTest" time="0.219" tests="18" errors="0" skipped="0" failures="0">
  <properties>
    <property name="java.specification.version" value="17"/>
    <property name="sun.cpu.isalist" value="amd64"/>
    <property name="sun.jnu.encoding" value="Cp1252"/>
    <property name="java.class.path" value="D:\Bootcamp\com.nexsoft.exam3\target\test-classes;D:\Bootcamp\com.nexsoft.exam3\target\classes;C:\Users\NEXSOFT\.m2\repository\org\junit\jupiter\junit-jupiter-api\5.8.2\junit-jupiter-api-5.8.2.jar;C:\Users\NEXSOFT\.m2\repository\org\opentest4j\opentest4j\1.2.0\opentest4j-1.2.0.jar;C:\Users\NEXSOFT\.m2\repository\org\junit\platform\junit-platform-commons\1.8.2\junit-platform-commons-1.8.2.jar;C:\Users\NEXSOFT\.m2\repository\org\apiguardian\apiguardian-api\1.1.2\apiguardian-api-1.1.2.jar;C:\Users\NEXSOFT\.m2\repository\org\junit\jupiter\junit-jupiter-params\5.8.2\junit-jupiter-params-5.8.2.jar;C:\Users\NEXSOFT\.m2\repository\org\apache\maven\surefire\surefire-logger-api\3.0.0-M6\surefire-logger-api-3.0.0-M6.jar;"/>
    <property name="java.vm.vendor" value="Eclipse Adoptium"/>
    <property name="sun.arch.data.model" value="64"/>
    <property name="user.variant" value=""/>
    <property name="java.vendor.url" value="https://adoptium.net/"/>
    <property name="user.timezone" value="Asia/Bangkok"/>
    <property name="user.country.format" value="ID"/>
    <property name="os.name" value="Windows 11"/>
    <property name="java.vm.specification.version" value="17"/>
    <property name="sun.java.launcher" value="SUN_STANDARD"/>
    <property name="user.country" value="US"/>
    <property name="sun.boot.library.path" value="C:\Users\NEXSOFT\.p2\pool\plugins\org.eclipse.justj.openjdk.hotspot.jre.full.win32.x86_64_17.0.2.v20220201-1208\jre\bin"/>
    <property name="sun.java.command" value="C:\Users\NEXSOFT\AppData\Local\Temp\surefire8750284963557897011\surefirebooter5960634907094217181.jar C:\Users\NEXSOFT\AppData\Local\Temp\surefire8750284963557897011 2022-06-10T15-44-00_897-jvmRun1 surefire9256422278981288977tmp surefire_017647355822352474865tmp"/>
    <property name="jdk.debug" value="release"/>
    <property name="surefire.test.class.path" value="D:\Bootcamp\com.nexsoft.exam3\target\test-classes;D:\Bootcamp\com.nexsoft.exam3\target\classes;C:\Users\NEXSOFT\.m2\repository\org\junit\jupiter\junit-jupiter-api\5.8.2\junit-jupiter-api-5.8.2.jar;C:\Users\NEXSOFT\.m2\repository\org\opentest4j\opentest4j\1.2.0\opentest4j-1.2.0.jar;C:\Users\NEXSOFT\.m2\repository\org\junit\platform\junit-platform-commons\1.8.2\junit-platform-commons-1.8.2.jar;C:\Users\NEXSOFT\.m2\repository\org\apiguardian\apiguardian-api\1.1.2\apiguardian-api-1.1.2.jar;C:\Users\NEXSOFT\.m2\repository\org\junit\jupiter\junit-jupiter-params\5.8.2\junit-jupiter-params-5.8.2.jar;C:\Users\NEXSOFT\.m2\repository\org\apache\maven\surefire\surefire-logger-api\3.0.0-M6\surefire-logger-api-3.0.0-M6.jar;"/>
    <property name="sun.cpu.endian" value="little"/>
    <property name="user.home" value="C:\Users\NEXSOFT"/>
    <property name="user.language" value="en"/>
    <property name="java.specification.vendor" value="Oracle Corporation"/>
    <property name="java.version.date" value="2022-01-18"/>
    <property name="java.home" value="C:\Users\NEXSOFT\.p2\pool\plugins\org.eclipse.justj.openjdk.hotspot.jre.full.win32.x86_64_17.0.2.v20220201-1208\jre"/>
    <property name="file.separator" value="\"/>
    <property name="basedir" value="D:\Bootcamp\com.nexsoft.exam3"/>
    <property name="java.vm.compressedOopsMode" value="Zero based"/>
    <property name="line.separator" value="&#10;"/>
    <property name="java.vm.specification.vendor" value="Oracle Corporation"/>
    <property name="java.specification.name" value="Java Platform API Specification"/>
    <property name="surefire.real.class.path" value="C:\Users\NEXSOFT\AppData\Local\Temp\surefire8750284963557897011\surefirebooter5960634907094217181.jar"/>
    <property name="user.script" value=""/>
    <property name="sun.management.compiler" value="HotSpot 64-Bit Tiered Compilers"/>
    <property name="java.runtime.version" value="17.0.2+8"/>
    <property name="user.name" value="NEXSOFT"/>
    <property name="path.separator" value=";"/>
    <property name="os.version" value="10.0"/>
    <property name="java.runtime.name" value="OpenJDK Runtime Environment"/>
    <property name="file.encoding" value="Cp1252"/>
    <property name="java.vm.name" value="OpenJDK 64-Bit Server VM"/>
    <property name="java.vendor.version" value="Temurin-17.0.2+8"/>
    <property name="localRepository" value="C:\Users\NEXSOFT\.m2\repository"/>
    <property name="java.vendor.url.bug" value="https://github.com/adoptium/adoptium-support/issues"/>
    <property name="java.io.tmpdir" value="C:\Users\NEXSOFT\AppData\Local\Temp\"/>
    <property name="java.version" value="17.0.2"/>
    <property name="user.dir" value="D:\Bootcamp\com.nexsoft.exam3"/>
    <property name="os.arch" value="amd64"/>
    <property name="java.vm.specification.name" value="Java Virtual Machine Specification"/>
    <property name="user.language.format" value="id"/>
    <property name="sun.os.patch.level" value=""/>
    <property name="native.encoding" value="Cp1252"/>
    <property name="java.library.path" value="C:\Users\NEXSOFT\.p2\pool\plugins\org.eclipse.justj.openjdk.hotspot.jre.full.win32.x86_64_17.0.2.v20220201-1208\jre\bin;C:\WINDOWS\Sun\Java\bin;C:\WINDOWS\system32;C:\WINDOWS;C:/Users/NEXSOFT/.p2/pool/plugins/org.eclipse.justj.openjdk.hotspot.jre.full.win32.x86_64_17.0.2.v20220201-1208/jre/bin/server;C:/Users/NEXSOFT/.p2/pool/plugins/org.eclipse.justj.openjdk.hotspot.jre.full.win32.x86_64_17.0.2.v20220201-1208/jre/bin;C:\Program Files (x86)\Common Files\Oracle\Java\javapath;C:\WINDOWS\system32;C:\WINDOWS;C:\WINDOWS\System32\Wbem;C:\WINDOWS\System32\WindowsPowerShell\v1.0\;C:\WINDOWS\System32\OpenSSH\;C:\Program Files\Java\jdk1.8.0_331\bin;C:\Program Files\Git\cmd;D:\XAMPP\mysql\bin;C:\Program Files\nodejs\;C:\Users\NEXSOFT\AppData\Local\Microsoft\WindowsApps;C:\Users\NEXSOFT\AppData\Local\Programs\Microsoft VS Code\bin;C:\Users\NEXSOFT\AppData\Roaming\npm;C:\Users\NEXSOFT\Desktop;;."/>
    <property name="java.vm.info" value="mixed mode"/>
    <property name="java.vendor" value="Eclipse Adoptium"/>
    <property name="java.vm.version" value="17.0.2+8"/>
    <property name="sun.io.unicode.encoding" value="UnicodeLittle"/>
    <property name="java.class.version" value="61.0"/>
  </properties>
  <testcase name="testKelilingTidakAngka(String)[1]" classname="com.nexsoft.exam3.test.RumusKelilingTest" time="0.065"/>
  <testcase name="testKelilingTidakAngka(String)[2]" classname="com.nexsoft.exam3.test.RumusKelilingTest" time="0.002"/>
  <testcase name="testKelilingTidakAngka(String)[3]" classname="com.nexsoft.exam3.test.RumusKelilingTest" time="0.002"/>
  <testcase name="keliling_kolam(int, double, double, double, double)[1]" classname="com.nexsoft.exam3.test.RumusKelilingTest" time="0.004"/>
  <testcase name="keliling_kolam(int, double, double, double, double)[2]" classname="com.nexsoft.exam3.test.RumusKelilingTest" time="0.001"/>
  <testcase name="keliling_kolam(int, double, double, double, double)[3]" classname="com.nexsoft.exam3.test.RumusKelilingTest" time="0.002"/>
  <testcase name="keliling_kolam(int, double, double, double, double)[4]" classname="com.nexsoft.exam3.test.RumusKelilingTest" time="0.001"/>
  <testcase name="keliling_kolam(int, double, double, double, double)[5]" classname="com.nexsoft.exam3.test.RumusKelilingTest" time="0.002"/>
  <testcase name="keliling_kolam(int, double, double, double, double)[6]" classname="com.nexsoft.exam3.test.RumusKelilingTest" time="0.001"/>
  <testcase name="keliling_kolam(int, double, double, double, double)[7]" classname="com.nexsoft.exam3.test.RumusKelilingTest" time="0.001"/>
  <testcase name="keliling_kolam(int, double, double, double, double)[8]" classname="com.nexsoft.exam3.test.RumusKelilingTest" time="0.002"/>
  <testcase name="keliling_kolam(int, double, double, double, double)[9]" classname="com.nexsoft.exam3.test.RumusKelilingTest" time="0.001"/>
  <testcase name="keliling_kolam(int, double, double, double, double)[10]" classname="com.nexsoft.exam3.test.RumusKelilingTest" time="0.001"/>
  <testcase name="keliling_kolam(int, double, double, double, double)[11]" classname="com.nexsoft.exam3.test.RumusKelilingTest" time="0.001"/>
  <testcase name="keliling_kolam(int, double, double, double, double)[12]" classname="com.nexsoft.exam3.test.RumusKelilingTest" time="0.001"/>
  <testcase name="keliling_kolam(int, double, double, double, double)[13]" classname="com.nexsoft.exam3.test.RumusKelilingTest" time="0.002"/>
  <testcase name="keliling_kolam(int, double, double, double, double)[14]" classname="com.nexsoft.exam3.test.RumusKelilingTest" time="0.001"/>
  <testcase name="keliling_kolam(int, double, double, double, double)[15]" classname="com.nexsoft.exam3.test.RumusKelilingTest" time="0.001"/>
</testsuite>